[main] 2021-08-15 22:36:18 INFO  com.app.Main  - Check
[main] 2021-08-15 22:37:01 INFO  com.app.Main  - Check
[main] 2021-08-16 00:15:26 INFO  com.app.Main  - Welcome to Deepak's shopping command line app
[main] 2021-08-16 00:15:26 INFO  com.app.Main  - 1)Login
[main] 2021-08-16 00:15:26 INFO  com.app.Main  - 2)Don't have an account signup
[main] 2021-08-16 00:15:26 INFO  com.app.Main  - 3)Close
[main] 2021-08-16 00:15:46 INFO  com.app.Main  - 1)Customer
[main] 2021-08-16 00:15:46 INFO  com.app.Main  - 2)Employee
[main] 2021-08-16 00:15:46 INFO  com.app.Main  - 3)Main
[main] 2021-08-16 00:15:47 INFO  com.app.Main  - welcome to login page
[main] 2021-08-16 00:15:47 INFO  com.app.Main  - Enter email id
[main] 2021-08-16 00:16:00 INFO  com.app.Main  - Enter Password
[main] 2021-08-16 00:16:06 ERROR com.app.dao.login.impl.CustomerLoginDAOImpl  - java.sql.SQLSyntaxErrorException: Table 'jdbc_demo.customer' doesn't exist
[main] 2021-08-16 00:16:06 INFO  com.app.Main  - 1)Customer
[main] 2021-08-16 00:16:06 INFO  com.app.Main  - 2)Employee
[main] 2021-08-16 00:16:06 INFO  com.app.Main  - 3)Main
[main] 2021-08-16 00:16:41 INFO  com.app.Main  - Welcome to Deepak's shopping command line app
[main] 2021-08-16 00:16:41 INFO  com.app.Main  - 1)Login
[main] 2021-08-16 00:16:41 INFO  com.app.Main  - 2)Don't have an account signup
[main] 2021-08-16 00:16:41 INFO  com.app.Main  - 3)Close
[main] 2021-08-16 00:16:52 INFO  com.app.Main  - 1)Customer
[main] 2021-08-16 00:16:52 INFO  com.app.Main  - 2)Employee
[main] 2021-08-16 00:16:52 INFO  com.app.Main  - 3)Main
[main] 2021-08-16 00:16:54 INFO  com.app.Main  - welcome to login page
[main] 2021-08-16 00:16:54 INFO  com.app.Main  - Enter email id
[main] 2021-08-16 00:17:05 INFO  com.app.Main  - Enter Password
[main] 2021-08-16 00:17:10 INFO  com.app.Main  - Login Successfull
[main] 2021-08-16 00:17:10 INFO  com.app.Main  - Welcome user deepak
[main] 2021-08-16 00:17:10 INFO  com.app.Main  - 1)Customer
[main] 2021-08-16 00:17:10 INFO  com.app.Main  - 2)Employee
[main] 2021-08-16 00:17:10 INFO  com.app.Main  - 3)Main
[main] 2021-08-16 00:22:03 INFO  com.app.Main  - Welcome to Deepak's shopping command line app
[main] 2021-08-16 00:22:03 INFO  com.app.Main  - 1)Login
[main] 2021-08-16 00:22:03 INFO  com.app.Main  - 2)Don't have an account signup
[main] 2021-08-16 00:22:03 INFO  com.app.Main  - 3)Close
[main] 2021-08-16 00:22:09 INFO  com.app.Main  - 1)Customer
[main] 2021-08-16 00:22:09 INFO  com.app.Main  - 2)Employee
[main] 2021-08-16 00:22:09 INFO  com.app.Main  - 3)Main
[main] 2021-08-16 00:22:12 INFO  com.app.Main  - welcome to login page
[main] 2021-08-16 00:22:12 INFO  com.app.Main  - Enter email id
[main] 2021-08-16 00:22:15 INFO  com.app.Main  - Enter Password
[main] 2021-08-16 00:22:18 INFO  com.app.Main  - 1)Customer
[main] 2021-08-16 00:22:18 INFO  com.app.Main  - 2)Employee
[main] 2021-08-16 00:22:18 INFO  com.app.Main  - 3)Main
